Drill Listing
=============
Drill: .037  Tool: 1  Feed: 197  Speed: 550
X 118100  Y 189000
X 108100  Y 189000
X 153100  Y 189000
X 143100  Y 189000
X 178100  Y 189000
X 188100  Y 189000
X 213100  Y 189000
X 223100  Y 189000
X 248100  Y 189000
X 258100  Y 189000
X 283100  Y 189000
X 293100  Y 189000
Drill: .04  Tool: 2  Feed: 139  Speed: 550
X 107874  Y 300787
X 117874  Y 300787
X 127874  Y 300787
X 137874  Y 300787
X 147874  Y 300787
X 127874  Y 310787
X 117874  Y 310787
X 137874  Y 310787
X 107874  Y 310787
X 147874  Y 310787
X 157874  Y 310787
X 167874  Y 310787
X 177874  Y 310787
X 187874  Y 310787
X 197874  Y 310787
X 167874  Y 300787
X 187874  Y 300787
X 157874  Y 300787
X 197874  Y 300787
X 177874  Y 300787
X 207874  Y 300787
X 217874  Y 300787
X 227874  Y 300787
X 217874  Y 310787
X 207874  Y 310787
X 227874  Y 310787
Drill: .041  Tool: 3  Feed: 139  Speed: 550
X 113000  Y 215000
X 148000  Y 215000
X 148000  Y 225000
X 113000  Y 225000
X 113000  Y 235000
X 148000  Y 235000
X 175300  Y 280300
X 175300  Y 270300
X 175300  Y 260300
X 183000  Y 235000
X 183000  Y 225000
X 183000  Y 215000
X 218000  Y 215000
X 253000  Y 215000
X 253000  Y 225000
X 218000  Y 225000
X 218000  Y 235000
X 253000  Y 235000
X 288000  Y 235000
X 288000  Y 225000
X 288000  Y 215000
Drill: .051  Tool: 4  Feed: 107  Speed: 550
X 113000  Y 151300
X 126800  Y 151300
X 148000  Y 151300
X 161800  Y 151300
X 183000  Y 151300
X 196800  Y 151300
X 218000  Y 151300
X 231800  Y 151300
X 253000  Y 151300
X 266800  Y 151300
X 288000  Y 151300
X 301800  Y 151300
Drill: .1142  Tool: 5  Feed: 69  Speed: 658
X 200394  Y 170866
Drill: .125  Tool: 6  Feed: 35  Speed: 794
X 142000  Y 255200
X 153800  Y 274100
X 130200  Y 274100
End of Listing
